[2020-07-22 17:09:14.474] [exthost] [info] extension host started
[2020-07-22 17:09:14.716] [exthost] [info] ExtensionService#_doActivateExtension vscode.configuration-editing {"startup":false,"extensionId":{"value":"vscode.configuration-editing","_lower":"vscode.configuration-editing"},"activationEvent":"onLanguage:json"}
[2020-07-22 17:09:14.717] [exthost] [info] ExtensionService#loadCommonJSModule file:///snap/code/38/usr/share/code/resources/app/extensions/configuration-editing/dist/configurationEditingMain
[2020-07-22 17:09:14.741] [exthost] [info] ExtensionService#_doActivateExtension vscode.extension-editing {"startup":false,"extensionId":{"value":"vscode.extension-editing","_lower":"vscode.extension-editing"},"activationEvent":"onLanguage:json"}
[2020-07-22 17:09:14.741] [exthost] [info] ExtensionService#loadCommonJSModule file:///snap/code/38/usr/share/code/resources/app/extensions/extension-editing/dist/extension
[2020-07-22 17:09:14.781] [exthost] [info] ExtensionService#_doActivateExtension vscode.json-language-features {"startup":false,"extensionId":{"value":"vscode.json-language-features","_lower":"vscode.json-language-features"},"activationEvent":"onLanguage:json"}
[2020-07-22 17:09:14.781] [exthost] [info] ExtensionService#loadCommonJSModule file:///snap/code/38/usr/share/code/resources/app/extensions/json-language-features/client/dist/node/jsonClientMain
[2020-07-22 17:09:14.859] [exthost] [info] ExtensionService#_doActivateExtension ms-vscode.js-debug {"startup":false,"extensionId":{"value":"ms-vscode.js-debug","_lower":"ms-vscode.js-debug"},"activationEvent":"onLanguage:json"}
[2020-07-22 17:09:14.859] [exthost] [info] ExtensionService#loadCommonJSModule file:///snap/code/38/usr/share/code/resources/app/extensions/ms-vscode.js-debug/src/extension.js
[2020-07-22 17:09:15.511] [exthost] [info] ExtensionService#_doActivateExtension vscode.npm {"startup":false,"extensionId":{"value":"vscode.npm","_lower":"vscode.npm"},"activationEvent":"onLanguage:json"}
[2020-07-22 17:09:15.511] [exthost] [info] ExtensionService#loadCommonJSModule file:///snap/code/38/usr/share/code/resources/app/extensions/npm/dist/npmMain
[2020-07-22 17:09:15.545] [exthost] [info] ExtensionService#_doActivateExtension vscode.typescript-language-features {"startup":false,"extensionId":{"value":"vscode.typescript-language-features","_lower":"vscode.typescript-language-features"},"activationEvent":"onLanguage:typescript"}
[2020-07-22 17:09:15.545] [exthost] [info] ExtensionService#loadCommonJSModule file:///snap/code/38/usr/share/code/resources/app/extensions/typescript-language-features/dist/extension
[2020-07-22 17:09:15.612] [exthost] [info] ExtensionService#_doActivateExtension ecmel.vscode-html-css {"startup":false,"extensionId":{"value":"ecmel.vscode-html-css","_lower":"ecmel.vscode-html-css"},"activationEvent":"onLanguage:typescript"}
[2020-07-22 17:09:15.612] [exthost] [info] ExtensionService#loadCommonJSModule file:///home/vinayak/.vscode/extensions/ecmel.vscode-html-css-0.2.3/dist/extension
[2020-07-22 17:09:15.732] [exthost] [info] ExtensionService#_doActivateExtension vscode.debug-auto-launch {"startup":true,"extensionId":{"value":"vscode.debug-auto-launch","_lower":"vscode.debug-auto-launch"},"activationEvent":"*"}
[2020-07-22 17:09:15.732] [exthost] [info] ExtensionService#loadCommonJSModule file:///snap/code/38/usr/share/code/resources/app/extensions/debug-auto-launch/dist/extension
[2020-07-22 17:09:15.738] [exthost] [info] ExtensionService#_doActivateExtension vscode.emmet {"startup":true,"extensionId":{"value":"vscode.emmet","_lower":"vscode.emmet"},"activationEvent":"*"}
[2020-07-22 17:09:15.738] [exthost] [info] ExtensionService#loadCommonJSModule file:///snap/code/38/usr/share/code/resources/app/extensions/emmet/dist/extension
[2020-07-22 17:09:15.797] [exthost] [info] ExtensionService#_doActivateExtension vscode.git {"startup":true,"extensionId":{"value":"vscode.github","_lower":"vscode.github"},"activationEvent":"*"}
[2020-07-22 17:09:15.797] [exthost] [info] ExtensionService#loadCommonJSModule file:///snap/code/38/usr/share/code/resources/app/extensions/git/dist/main
[2020-07-22 17:09:15.924] [exthost] [info] ExtensionService#_doActivateExtension vscode.github-authentication {"startup":true,"extensionId":{"value":"vscode.github-authentication","_lower":"vscode.github-authentication"},"activationEvent":"*"}
[2020-07-22 17:09:15.924] [exthost] [info] ExtensionService#loadCommonJSModule file:///snap/code/38/usr/share/code/resources/app/extensions/github-authentication/dist/extension.js
[2020-07-22 17:09:15.956] [exthost] [info] ExtensionService#_doActivateExtension vscode.merge-conflict {"startup":true,"extensionId":{"value":"vscode.merge-conflict","_lower":"vscode.merge-conflict"},"activationEvent":"*"}
[2020-07-22 17:09:15.956] [exthost] [info] ExtensionService#loadCommonJSModule file:///snap/code/38/usr/share/code/resources/app/extensions/merge-conflict/dist/mergeConflictMain
[2020-07-22 17:09:15.964] [exthost] [info] ExtensionService#_doActivateExtension vscode.microsoft-authentication {"startup":true,"extensionId":{"value":"vscode.microsoft-authentication","_lower":"vscode.microsoft-authentication"},"activationEvent":"*"}
[2020-07-22 17:09:15.965] [exthost] [info] ExtensionService#loadCommonJSModule file:///snap/code/38/usr/share/code/resources/app/extensions/microsoft-authentication/dist/extension.js
[2020-07-22 17:09:15.990] [exthost] [info] ExtensionService#_doActivateExtension vscode.search-result {"startup":true,"extensionId":{"value":"vscode.search-result","_lower":"vscode.search-result"},"activationEvent":"*"}
[2020-07-22 17:09:15.990] [exthost] [info] ExtensionService#loadCommonJSModule file:///snap/code/38/usr/share/code/resources/app/extensions/search-result/dist/extension.js
[2020-07-22 17:09:15.994] [exthost] [info] ExtensionService#_doActivateExtension Equinusocio.vsc-material-theme {"startup":true,"extensionId":{"value":"Equinusocio.vsc-material-theme","_lower":"equinusocio.vsc-material-theme"},"activationEvent":"*"}
[2020-07-22 17:09:15.994] [exthost] [info] ExtensionService#loadCommonJSModule file:///home/vinayak/.vscode/extensions/equinusocio.vsc-material-theme-32.8.0/build/material.theme.config
[2020-07-22 17:09:16.013] [exthost] [info] ExtensionService#_doActivateExtension equinusocio.vsc-material-theme-icons {"startup":true,"extensionId":{"value":"equinusocio.vsc-material-theme-icons","_lower":"equinusocio.vsc-material-theme-icons"},"activationEvent":"*"}
[2020-07-22 17:09:16.013] [exthost] [info] ExtensionService#loadCommonJSModule file:///home/vinayak/.vscode/extensions/equinusocio.vsc-material-theme-icons-1.1.4/out/src/extension
[2020-07-22 17:09:16.035] [exthost] [info] ExtensionService#_doActivateExtension esbenp.prettier-vscode {"startup":true,"extensionId":{"value":"esbenp.prettier-vscode","_lower":"esbenp.prettier-vscode"},"activationEvent":"*"}
[2020-07-22 17:09:16.036] [exthost] [info] ExtensionService#loadCommonJSModule file:///home/vinayak/.vscode/extensions/esbenp.prettier-vscode-5.1.3/dist/extension
[2020-07-22 17:09:16.337] [exthost] [info] ExtensionService#_doActivateExtension HookyQR.beautify {"startup":true,"extensionId":{"value":"HookyQR.beautify","_lower":"hookyqr.beautify"},"activationEvent":"*"}
[2020-07-22 17:09:16.337] [exthost] [info] ExtensionService#loadCommonJSModule file:///home/vinayak/.vscode/extensions/hookyqr.beautify-1.5.0/extension
[2020-07-22 17:09:16.474] [exthost] [info] ExtensionService#_doActivateExtension PKief.material-icon-theme {"startup":true,"extensionId":{"value":"PKief.material-icon-theme","_lower":"pkief.material-icon-theme"},"activationEvent":"*"}
[2020-07-22 17:09:16.474] [exthost] [info] ExtensionService#loadCommonJSModule file:///home/vinayak/.vscode/extensions/pkief.material-icon-theme-4.2.0/dist/extension
[2020-07-22 17:09:16.525] [exthost] [info] ExtensionService#_doActivateExtension zhuangtongfa.material-theme {"startup":true,"extensionId":{"value":"zhuangtongfa.material-theme","_lower":"zhuangtongfa.material-theme"},"activationEvent":"*"}
[2020-07-22 17:09:16.525] [exthost] [info] ExtensionService#loadCommonJSModule file:///home/vinayak/.vscode/extensions/zhuangtongfa.material-theme-3.8.5/out/extension.js
